<?xml version="1.0" encoding="utf-8"?><testsuites name="pytest tests"><testsuite name="pytest" errors="0" failures="0" skipped="0" tests="18" time="4.991" timestamp="2026-05-06T07:56:24.565751+00:00" hostname="agent-env-e5c29335-389f-401f-9433-f6690912c414"><testcase classname="backend.tests.backend_test" name="test_root" time="0.255" /><testcase classname="backend.tests.backend_test" name="test_products_list_no_id_leak" time="0.102" /><testcase classname="backend.tests.backend_test" name="test_products_filters" time="0.441" /><testcase classname="backend.tests.backend_test" name="test_product_detail_and_404" time="0.296" /><testcase classname="backend.tests.backend_test" name="test_categories" time="0.148" /><testcase classname="backend.tests.backend_test" name="test_login_admin" time="0.342" /><testcase classname="backend.tests.backend_test" name="test_login_invalid" time="0.320" /><testcase classname="backend.tests.backend_test" name="test_me_unauthenticated" time="0.132" /><testcase classname="backend.tests.backend_test" name="test_me_with_bearer" time="0.363" /><testcase classname="backend.tests.backend_test" name="test_register_and_logout" time="0.527" /><testcase classname="backend.tests.backend_test" name="test_register_duplicate_email" time="0.423" /><testcase classname="backend.tests.backend_test" name="test_cart_flow" time="0.475" /><testcase classname="backend.tests.backend_test" name="test_cart_unauthenticated" time="0.096" /><testcase classname="backend.tests.backend_test" name="test_wishlist_flow" time="0.363" /><testcase classname="backend.tests.backend_test" name="test_payments_create_order_mocked" time="0.045" /><testcase classname="backend.tests.backend_test" name="test_create_order_empty_cart" time="0.090" /><testcase classname="backend.tests.backend_test" name="test_order_creation_and_totals" time="0.431" /><testcase classname="backend.tests.backend_test" name="test_list_orders_sorted_desc" time="0.043" /></testsuite></testsuites>